빌드 시작: 2016-01-30 오전 11:53:34
     1>2 노드의 "C:\Users\중렬\documents\visual studio 2010\Projects\study4\study4\study4.vcxproj" 프로젝트(build 대상)입니다.
     1>InitializeBuildStatus:
         "AlwaysCreate"이(가) 지정되었기 때문에 "Debug\study4.unsuccessfulbuild"을(를) 만들고 있습니다.
       ClCompile:
         C:\Program Files (x86)\Microsoft Visual Studio 10.0\VC\bin\CL.exe /c /ZI /nologo /W3 /WX- /Od /Oy- /D WIN32 /D _DEBUG /D _CONSOLE /D _UNICODE /D UNICODE /Gm /EHsc /RTC1 /MDd /GS /fp:precise /Zc:wchar_t /Zc:forScope /Fo"Debug\\" /Fd"Debug\vc100.pdb" /Gd /TC /analyze- /errorReport:prompt InfixToPostfix.c main.c
         main.c
         InfixToPostfix.c
     1>c:\users\중렬\documents\visual studio 2010\projects\study4\study4\infixtopostfix.c(19): warning C4018: '<' : signed 또는 unsigned가 일치하지 않습니다.
     1>c:\users\중렬\documents\visual studio 2010\projects\study4\study4\infixtopostfix.c(13): warning C4101: 'a' :참조되지 않은 지역 변수입니다.
         코드를 생성하고 있습니다...
     1>c:\users\중렬\documents\visual studio 2010\projects\study4\study4\infixtopostfix.c(59): warning C4715: 'numOfchange' : 모든 제어 경로에서 값을 반환하지는 않습니다.
       ManifestResourceCompile:
         모든 출력이 최신 상태입니다.
       Link:
         C:\Program Files (x86)\Microsoft Visual Studio 10.0\VC\bin\link.exe /ERRORREPORT:PROMPT /OUT:"C:\Users\중렬\documents\visual studio 2010\Projects\study4\Debug\study4.exe" /INCREMENTAL /NOLOGO kernel32.lib user32.lib gdi32.lib winspool.lib comdlg32.lib advapi32.lib shell32.lib ole32.lib oleaut32.lib uuid.lib odbc32.lib odbccp32.lib /MANIFEST /ManifestFile:"Debug\study4.exe.intermediate.manifest" /MANIFESTUAC:"level='asInvoker' uiAccess='false'" /DEBUG /PDB:"C:\Users\중렬\documents\visual studio 2010\Projects\study4\Debug\study4.pdb" /SUBSYSTEM:CONSOLE /TLBID:1 /DYNAMICBASE /NXCOMPAT /IMPLIB:"C:\Users\중렬\documents\visual studio 2010\Projects\study4\Debug\study4.lib" /MACHINE:X86 Debug\study4.exe.embed.manifest.res
         Debug\InfixToPostfix.obj
         Debug\ListBaseStack.obj
         Debug\main.obj
       Manifest:
         C:\Program Files (x86)\Microsoft SDKs\Windows\v7.0A\bin\mt.exe /nologo /verbose /out:"Debug\study4.exe.embed.manifest" /manifest Debug\study4.exe.intermediate.manifest
         모든 출력이 최신 상태입니다.
       LinkEmbedManifest:
         모든 출력이 최신 상태입니다.
         study4.vcxproj -> C:\Users\중렬\documents\visual studio 2010\Projects\study4\Debug\study4.exe
       FinalizeBuildStatus:
         "Debug\study4.unsuccessfulbuild" 파일을 삭제하고 있습니다.
         "Debug\study4.lastbuildstate"에 연결(touching)하고 있습니다.
     1>"C:\Users\중렬\documents\visual studio 2010\Projects\study4\study4\study4.vcxproj" 프로젝트를 빌드했습니다(build 대상).

빌드했습니다.

경과 시간: 00:00:00.66
